<?xml version="1.0" encoding="UTF-8"?>
<!-- Generated by org.testng.reporters.JUnitReportReporter -->
<testsuite skipped="0" hostname="DESKTOP-10L9K7E" name="qaclickacademy.AppiumTest" tests="2" failures="0" timestamp="2020-07-11T12:28:24 IST" time="0.006" errors="0">
  <testcase name="IOSApps" time="0.005" classname="qaclickacademy.AppiumTest"/>
  <system-out/>
  <testcase name="NativeAPpAndroid" time="0.001" classname="qaclickacademy.AppiumTest"/>
  <system-out/>
</testsuite> <!-- qaclickacademy.AppiumTest -->
